# JRE version: Java(TM) SE Runtime Environment (8.0_271-b09) (build 1.8.0_271-b09)
# Java VM: Java HotSpot(TM) 64-Bit Server VM (25.271-b09 mixed mode bsd-amd64 compressed oops)
Heap:
 PSYoungGen      total 465920K, used 318177K [0x000000076ab00000, 0x0000000789b80000, 0x00000007c0000000)
  eden space 444928K, 69% used [0x000000076ab00000,0x000000077d79e580,0x0000000785d80000)
  from space 20992K, 49% used [0x0000000788700000,0x0000000789119f28,0x0000000789b80000)
  to   space 31744K, 0% used [0x0000000785d80000,0x0000000785d80000,0x0000000787c80000)
 ParOldGen       total 327168K, used 64613K [0x00000006c0000000, 0x00000006d3f80000, 0x000000076ab00000)
  object space 327168K, 19% used [0x00000006c0000000,0x00000006c3f19478,0x00000006d3f80000)
 Metaspace       used 108738K, capacity 114447K, committed 114600K, reserved 1150976K
  class space    used 13056K, capacity 13870K, committed 13992K, reserved 1048576K
GC Heap History (10 events):
Event: 16.678 GC heap before
{Heap before GC invocations=16 (full 3):
 PSYoungGen      total 344576K, used 344085K [0x000000076ab00000, 0x0000000781a00000, 0x00000007c0000000)
  eden space 319488K, 100% used [0x000000076ab00000,0x000000077e300000,0x000000077e300000)
  from space 25088K, 98% used [0x000000077ff80000,0x0000000781785618,0x0000000781800000)
  to   space 28160K, 0% used [0x000000077e300000,0x000000077e300000,0x000000077fe80000)
 ParOldGen       total 223744K, used 33609K [0x00000006c0000000, 0x00000006cda80000, 0x000000076ab00000)
  object space 223744K, 15% used [0x00000006c0000000,0x00000006c20d2610,0x00000006cda80000)
 Metaspace       used 86544K, capacity 91063K, committed 91304K, reserved 1128448K
  class space    used 10656K, capacity 11329K, committed 11432K, reserved 1048576K
Event: 16.706 GC heap after
Heap after GC invocations=16 (full 3):
 PSYoungGen      total 347648K, used 28151K [0x000000076ab00000, 0x0000000786e80000, 0x00000007c0000000)
  eden space 319488K, 0% used [0x000000076ab00000,0x000000076ab00000,0x000000077e300000)
  from space 28160K, 99% used [0x000000077e300000,0x000000077fe7dfa8,0x000000077fe80000)
  to   space 34304K, 0% used [0x0000000784d00000,0x0000000784d00000,0x0000000786e80000)
 ParOldGen       total 223744K, used 39195K [0x00000006c0000000, 0x00000006cda80000, 0x000000076ab00000)
  object space 223744K, 17% used [0x00000006c0000000,0x00000006c2646e50,0x00000006cda80000)
 Metaspace       used 86544K, capacity 91063K, committed 91304K, reserved 1128448K
  class space    used 10656K, capacity 11329K, committed 11432K, reserved 1048576K
}
Event: 28.761 GC heap before
{Heap before GC invocations=17 (full 3):
 PSYoungGen      total 347648K, used 216509K [0x000000076ab00000, 0x0000000786e80000, 0x00000007c0000000)
  eden space 319488K, 58% used [0x000000076ab00000,0x00000007762f1568,0x000000077e300000)
  from space 28160K, 99% used [0x000000077e300000,0x000000077fe7dfa8,0x000000077fe80000)
  to   space 34304K, 0% used [0x0000000784d00000,0x0000000784d00000,0x0000000786e80000)
 ParOldGen       total 223744K, used 39195K [0x00000006c0000000, 0x00000006cda80000, 0x000000076ab00000)
  object space 223744K, 17% used [0x00000006c0000000,0x00000006c2646e50,0x00000006cda80000)
 Metaspace       used 93531K, capacity 98533K, committed 98600K, reserved 1136640K
  class space    used 11551K, capacity 12315K, committed 12328K, reserved 1048576K
Event: 28.787 GC heap after
Heap after GC invocations=17 (full 3):
 PSYoungGen      total 406528K, used 20385K [0x000000076ab00000, 0x0000000786400000, 0x00000007c0000000)
  eden space 382976K, 0% used [0x000000076ab00000,0x000000076ab00000,0x0000000782100000)
  from space 23552K, 86% used [0x0000000784d00000,0x00000007860e8470,0x0000000786400000)
  to   space 34304K, 0% used [0x0000000782100000,0x0000000782100000,0x0000000784280000)
 ParOldGen       total 223744K, used 56463K [0x00000006c0000000, 0x00000006cda80000, 0x000000076ab00000)
  object space 223744K, 25% used [0x00000006c0000000,0x00000006c3723d60,0x00000006cda80000)
 Metaspace       used 93531K, capacity 98533K, committed 98600K, reserved 1136640K
  class space    used 11551K, capacity 12315K, committed 12328K, reserved 1048576K
}
Event: 28.787 GC heap before
{Heap before GC invocations=18 (full 4):
 PSYoungGen      total 406528K, used 20385K [0x000000076ab00000, 0x0000000786400000, 0x00000007c0000000)
  eden space 382976K, 0% used [0x000000076ab00000,0x000000076ab00000,0x0000000782100000)
  from space 23552K, 86% used [0x0000000784d00000,0x00000007860e8470,0x0000000786400000)
  to   space 34304K, 0% used [0x0000000782100000,0x0000000782100000,0x0000000784280000)
 ParOldGen       total 223744K, used 56463K [0x00000006c0000000, 0x00000006cda80000, 0x000000076ab00000)
  object space 223744K, 25% used [0x00000006c0000000,0x00000006c3723d60,0x00000006cda80000)
 Metaspace       used 93531K, capacity 98533K, committed 98600K, reserved 1136640K
  class space    used 11551K, capacity 12315K, committed 12328K, reserved 1048576K
Event: 28.955 GC heap after
Heap after GC invocations=18 (full 4):
 PSYoungGen      total 406528K, used 0K [0x000000076ab00000, 0x0000000786400000, 0x00000007c0000000)
  eden space 382976K, 0% used [0x000000076ab00000,0x000000076ab00000,0x0000000782100000)
  from space 23552K, 0% used [0x0000000784d00000,0x0000000784d00000,0x0000000786400000)
  to   space 34304K, 0% used [0x0000000782100000,0x0000000782100000,0x0000000784280000)
 ParOldGen       total 327168K, used 64597K [0x00000006c0000000, 0x00000006d3f80000, 0x000000076ab00000)
  object space 327168K, 19% used [0x00000006c0000000,0x00000006c3f15478,0x00000006d3f80000)
 Metaspace       used 93531K, capacity 98533K, committed 98600K, reserved 1136640K
  class space    used 11551K, capacity 12315K, committed 12328K, reserved 1048576K
}
Event: 38.919 GC heap before
{Heap before GC invocations=19 (full 4):
 PSYoungGen      total 406528K, used 382976K [0x000000076ab00000, 0x0000000786400000, 0x00000007c0000000)
  eden space 382976K, 100% used [0x000000076ab00000,0x0000000782100000,0x0000000782100000)
  from space 23552K, 0% used [0x0000000784d00000,0x0000000784d00000,0x0000000786400000)
  to   space 34304K, 0% used [0x0000000782100000,0x0000000782100000,0x0000000784280000)
 ParOldGen       total 327168K, used 64597K [0x00000006c0000000, 0x00000006d3f80000, 0x000000076ab00000)
  object space 327168K, 19% used [0x00000006c0000000,0x00000006c3f15478,0x00000006d3f80000)
 Metaspace       used 106745K, capacity 112147K, committed 112296K, reserved 1148928K
  class space    used 12869K, capacity 13658K, committed 13736K, reserved 1048576K
Event: 38.935 GC heap after
Heap after GC invocations=19 (full 4):
 PSYoungGen      total 417280K, used 16250K [0x000000076ab00000, 0x000000078a680000, 0x00000007c0000000)
  eden space 382976K, 0% used [0x000000076ab00000,0x000000076ab00000,0x0000000782100000)
  from space 34304K, 47% used [0x0000000782100000,0x00000007830deb30,0x0000000784280000)
  to   space 32256K, 0% used [0x0000000788700000,0x0000000788700000,0x000000078a680000)
 ParOldGen       total 327168K, used 64605K [0x00000006c0000000, 0x00000006d3f80000, 0x000000076ab00000)
  object space 327168K, 19% used [0x00000006c0000000,0x00000006c3f17478,0x00000006d3f80000)
 Metaspace       used 106745K, capacity 112147K, committed 112296K, reserved 1148928K
  class space    used 12869K, capacity 13658K, committed 13736K, reserved 1048576K
}
Event: 43.981 GC heap before
{Heap before GC invocations=20 (full 4):
 PSYoungGen      total 417280K, used 399226K [0x000000076ab00000, 0x000000078a680000, 0x00000007c0000000)
  eden space 382976K, 100% used [0x000000076ab00000,0x0000000782100000,0x0000000782100000)
  from space 34304K, 47% used [0x0000000782100000,0x00000007830deb30,0x0000000784280000)
  to   space 32256K, 0% used [0x0000000788700000,0x0000000788700000,0x000000078a680000)
 ParOldGen       total 327168K, used 64605K [0x00000006c0000000, 0x00000006d3f80000, 0x000000076ab00000)
  object space 327168K, 19% used [0x00000006c0000000,0x00000006c3f17478,0x00000006d3f80000)
 Metaspace       used 106969K, capacity 112473K, committed 112552K, reserved 1148928K
  class space    used 12888K, capacity 13691K, committed 13736K, reserved 1048576K
Event: 43.991 GC heap after
Heap after GC invocations=20 (full 4):
 PSYoungGen      total 465920K, used 10343K [0x000000076ab00000, 0x0000000789b80000, 0x00000007c0000000)
  eden space 444928K, 0% used [0x000000076ab00000,0x000000076ab00000,0x0000000785d80000)
  from space 20992K, 49% used [0x0000000788700000,0x0000000789119f28,0x0000000789b80000)
  to   space 31744K, 0% used [0x0000000785d80000,0x0000000785d80000,0x0000000787c80000)
 ParOldGen       total 327168K, used 64613K [0x00000006c0000000, 0x00000006d3f80000, 0x000000076ab00000)
  object space 327168K, 19% used [0x00000006c0000000,0x00000006c3f19478,0x00000006d3f80000)
 Metaspace       used 106969K, capacity 112473K, committed 112552K, reserved 1148928K
  class space    used 12888K, capacity 13691K, committed 13736K, reserved 1048576K
}

